<?xml version="1.0" encoding="UTF-8"?>
<!-- Generated by org.testng.reporters.JUnitReportReporter -->
<testsuite hostname="DESKTOP-QSE44VU" failures="0" tests="1" name="com.icecrm_automation.Sample5" time="0.017" errors="0" timestamp="2023-03-17T11:00:36 IST" skipped="0">
  <testcase classname="com.icecrm_automation.Sample5" name="sample5Test1" time="0.017"/>
  <system-out/>
</testsuite> <!-- com.icecrm_automation.Sample5 -->
