<?xml version="1.0" encoding="UTF-8"?>
<!-- Generated by org.testng.reporters.JUnitReportReporter -->
<testsuite hostname="DESKTOP-QSE44VU" failures="0" tests="5" name="com.icecrm_automation.Sample3" time="0.043" errors="0" timestamp="2023-03-16T17:42:34 IST" skipped="0">
  <testcase classname="com.icecrm_automation.Sample3" name="sample3Test2" time="0.005"/>
  <system-out/>
  <testcase classname="com.icecrm_automation.Sample3" name="sample3Test5" time="0.009"/>
  <system-out/>
  <testcase classname="com.icecrm_automation.Sample3" name="sample3Test3" time="0.002"/>
  <system-out/>
  <testcase classname="com.icecrm_automation.Sample3" name="sample3Test4" time="0.020"/>
  <system-out/>
  <testcase classname="com.icecrm_automation.Sample3" name="sample3Test1" time="0.007"/>
  <system-out/>
</testsuite> <!-- com.icecrm_automation.Sample3 -->
