<?xml version="1.0" encoding="UTF-8"?>
<!-- Generated by org.testng.reporters.JUnitReportReporter -->
<testsuite hostname="DESKTOP-QSE44VU" failures="0" tests="4" name="com.icecrm_automation.Sample1" time="0.185" errors="0" timestamp="2023-03-16T18:41:51 IST" skipped="0">
  <testcase classname="com.icecrm_automation.Sample1" name="Sample1Test1" time="0.017"/>
  <system-out/>
  <testcase classname="com.icecrm_automation.Sample1" name="sample1Test4" time="0.112"/>
  <system-out/>
  <testcase classname="com.icecrm_automation.Sample1" name="sample1Test3" time="0.023"/>
  <system-out/>
  <testcase classname="com.icecrm_automation.Sample1" name="sample1Test2" time="0.033"/>
  <system-out/>
</testsuite> <!-- com.icecrm_automation.Sample1 -->
