<?xml version="1.0" encoding="UTF-8"?>
<!-- Generated by org.testng.reporters.JUnitReportReporter -->
<testsuite hostname="DESKTOP-QSE44VU" failures="0" tests="1" name="com.orangehrm_automation.FileUploadTest" time="41.482" errors="0" timestamp="2023-04-06T20:16:57 IST" skipped="0">
  <testcase classname="com.orangehrm_automation.FileUploadTest" name="fileUpload" time="41.482"/>
  <system-out/>
</testsuite> <!-- com.orangehrm_automation.FileUploadTest -->
