<?xml version="1.0" encoding="UTF-8"?>
<!-- Generated by org.testng.reporters.JUnitReportReporter -->
<testsuite hostname="DESKTOP-QSE44VU" failures="0" tests="1" name="com.icehrm_testNG.TestAnnotation" time="0.018" errors="0" timestamp="2023-03-13T17:09:25 IST" skipped="0">
  <testcase classname="com.icehrm_testNG.TestAnnotation" name="test" time="0.018"/>
  <system-out/>
</testsuite> <!-- com.icehrm_testNG.TestAnnotation -->
