<?xml version="1.0" encoding="UTF-8"?>
<!-- Generated by org.testng.reporters.JUnitReportReporter -->
<testsuite hostname="DESKTOP-QSE44VU" failures="0" tests="1" name="com.icecrm_automation.FileUpload" time="20.295" errors="0" timestamp="2023-04-06T19:49:51 IST" skipped="0">
  <testcase classname="com.icecrm_automation.FileUpload" name="FileUpload" time="20.295"/>
  <system-out/>
</testsuite> <!-- com.icecrm_automation.FileUpload -->
