<?xml version="1.0" encoding="UTF-8"?>
<!-- Generated by org.testng.reporters.JUnitReportReporter -->
<testsuite hostname="DESKTOP-QSE44VU" failures="0" tests="5" name="com.icecrm_automation.Sample4" time="0.051" errors="0" timestamp="2023-03-16T17:42:34 IST" skipped="0">
  <testcase classname="com.icecrm_automation.Sample4" name="sample4Test5" time="0.008"/>
  <system-out/>
  <testcase classname="com.icecrm_automation.Sample4" name="sample4Test1" time="0.008"/>
  <system-out/>
  <testcase classname="com.icecrm_automation.Sample4" name="sample4Test4" time="0.005"/>
  <system-out/>
  <testcase classname="com.icecrm_automation.Sample4" name="sample4Test3" time="0.013"/>
  <system-out/>
  <testcase classname="com.icecrm_automation.Sample4" name="sample4Test2" time="0.017"/>
  <system-out/>
</testsuite> <!-- com.icecrm_automation.Sample4 -->
