<?xml version="1.0" encoding="UTF-8"?>
<!-- Generated by org.testng.reporters.JUnitReportReporter -->
<testsuite hostname="DESKTOP-QSE44VU" failures="0" tests="3" name="com.icecrm_automation.Datapro" time="0.028" errors="0" timestamp="2023-03-16T19:34:42 IST" skipped="0">
  <testcase classname="com.icecrm_automation.Datapro" name="test2" time="0.004"/>
  <system-out/>
  <testcase classname="com.icecrm_automation.Datapro" name="test2" time="0.003"/>
  <system-out/>
  <testcase classname="com.icecrm_automation.Datapro" name="test1" time="0.021"/>
  <system-out/>
</testsuite> <!-- com.icecrm_automation.Datapro -->
