<?xml version="1.0" encoding="UTF-8"?>
<!-- Generated by org.testng.reporters.JUnitReportReporter -->
<testsuite hostname="DESKTOP-QSE44VU" failures="0" tests="1" name="com.icehrm_testNG.TestLogin" time="25.409" errors="0" timestamp="2023-03-16T11:50:56 IST" skipped="0">
  <testcase classname="com.icehrm_testNG.TestLogin" name="verifyLoginWithValidCred" time="25.409"/>
  <system-out/>
</testsuite> <!-- com.icehrm_testNG.TestLogin -->
