<?xml version="1.0" encoding="UTF-8"?>
<!-- Generated by org.testng.reporters.JUnitReportReporter -->
<testsuite hostname="DESKTOP-QSE44VU" failures="0" tests="5" name="com.icecrm_automation.Sample2" time="0.117" errors="0" timestamp="2023-03-16T18:17:57 IST" skipped="0">
  <testcase classname="com.icecrm_automation.Sample2" name="sample1Test2" time="0.058"/>
  <system-out/>
  <testcase classname="com.icecrm_automation.Sample2" name="sample1Test1" time="0.031"/>
  <system-out/>
  <testcase classname="com.icecrm_automation.Sample2" name="sample1Test4" time="0.008"/>
  <system-out/>
  <testcase classname="com.icecrm_automation.Sample2" name="sample1Test3" time="0.010"/>
  <system-out/>
  <testcase classname="com.icecrm_automation.Sample2" name="sample1Test5" time="0.010"/>
  <system-out/>
</testsuite> <!-- com.icecrm_automation.Sample2 -->
